2024-05-16 04:32:02.317 [1] WARN BhapticsPlayer.Window.PortalWindow..ctor(): PortalWindow
2024-05-16 04:32:03.987 [1] WARN BhapticsPlayer.Window.PortalWindow+<<-ctor>b__8_0>d.MoveNext(): PortalWindow Loaded
2024-05-16 04:32:04.150 [1] WARN BhapticsPlayer.Internal.LocalDbRepository.InitializeDatabase(): InitializeDatabase
2024-05-16 04:32:05.577 [1] EROR BhapticsPlayer.Audio.UserService.GetUser(): User not ready.
2024-05-16 04:32:05.580 [1] WARN BhapticsPlayer.Login.UserRepository.GetCurrentUser(): GetCurrentUser User null
2024-05-16 04:32:05.583 [1] EROR BhapticsPlayer.Audio.UserService.GetUser(): User not ready.
2024-05-16 04:32:05.585 [1] WARN BhapticsPlayer.Login.UserRepository.GetCurrentUser(): GetCurrentUser User null
2024-05-16 04:32:06.217 [1] EROR BhapticsPlayer.ViewModel.PortalMenuViewModel.InitRestMenus(): InitRestMenus
2024-05-16 04:32:06.233 [1] WARN BhapticsPlayer.Login.UserRepository.GetCurrentUser(): GetCurrentUser User null
2024-05-16 04:32:06.282 [6] WARN BhapticsPlayer.Login.UserRepository.GetCurrentUser(): GetCurrentUser User null
2024-05-16 04:32:06.283 [6] WARN BhapticsPlayer.Repository.ContentReviewRepository+<GetMySaveList>d__14.MoveNext(): GetMySaveList user null
2024-05-16 04:32:06.335 [1] WARN BhapticsPlayer.Login.UserRepository.GetCurrentUser(): GetCurrentUser User null
2024-05-16 04:32:06.868 [4] WARN BhapticsPlayer.Login.UserRepository.GetCurrentUser(): GetCurrentUser User null
2024-05-16 04:32:06.905 [1] WARN BhapticsPlayer.Login.UserRepository.GetCurrentUser(): GetCurrentUser User null
2024-05-16 04:32:06.920 [1] WARN BhapticsPlayer.Login.UserRepository.GetCurrentUser(): GetCurrentUser User null
2024-05-16 04:32:07.182 [1] WARN BhapticsPlayer.View.PortalWindowMainView+<<-ctor>b__1_0>d.MoveNext(): PortalWindowMainView Loaded
2024-05-16 04:32:07.312 [1] WARN BhapticsPlayer.Window.PortalWindow+<SetPlayerData>d__13.MoveNext(): Bluetooth Version: 12
2024-05-16 04:32:07.392 [1] WARN BhapticsPlayer.View.PortalWindowMainView+<<-ctor>b__1_0>d.MoveNext(): LastVersion: 36
2024-05-16 04:32:07.688 [1] WARN BhapticsPlayer.Login.UserRepository.GetCurrentUser(): GetCurrentUser User null
2024-05-16 04:32:07.771 [1] WARN BhapticsPlayer.Login.UserRepository.GetCurrentUser(): GetCurrentUser User null
2024-05-16 04:32:07.785 [1] WARN BhapticsPlayer.Login.UserRepository.GetCurrentUser(): GetCurrentUser User null
2024-05-16 04:32:07.793 [1] EROR BhapticsPlayer.ViewModel.ProfileMyViewModel+<>c__DisplayClass106_0.<Init>b__0(System.Object, System.ComponentModel.PropertyChangedEventArgs): Changed Settings
2024-05-16 04:32:07.799 [1] WARN BhapticsPlayer.Login.UserRepository.GetCurrentUser(): GetCurrentUser User null
2024-05-16 04:32:07.801 [1] EROR BhapticsPlayer.ViewModel.ProfileMyViewModel+<>c__DisplayClass106_0.<Init>b__0(System.Object, System.ComponentModel.PropertyChangedEventArgs): Changed IsEnable
2024-05-16 04:32:07.803 [1] EROR BhapticsPlayer.ViewModel.ProfileMyViewModel+<>c__DisplayClass106_0.<Init>b__0(System.Object, System.ComponentModel.PropertyChangedEventArgs): Changed CanHapticResolution
2024-05-16 04:32:07.841 [1] WARN BhapticsPlayer.Repository.AccountRepository+<GetMyPlayedProfiles>d__14.MoveNext(): GetMyPlayedProfiles token null
2024-05-16 04:32:08.493 [19] EROR BhapticsPlayer.Utils.SteamUtils.GetSteamInstalledDir(): GetSteamInstalledDir: SOFTWARE\Wow6432Node\Valve\Steam, C:\Program Files (x86)\Steam
2024-05-16 04:32:08.509 [19] EROR BhapticsPlayer.Utils.SteamUtils.GetSteamLibFolder(): path C:\Program Files (x86)\Steam
2024-05-16 04:32:08.517 [19] EROR BhapticsPlayer.Utils.SteamUtils.GetSteamLibFolder(): path E:\Steam
2024-05-16 04:32:08.527 [19] EROR BhapticsPlayer.Utils.SteamUtils.GetSteamLibFolder(): path D:\SteamLibrary
2024-05-16 04:32:08.769 [1] WARN BhapticsPlayer.Login.UserRepository.GetCurrentUser(): GetCurrentUser User null
2024-05-16 04:32:08.769 [1] WARN BhapticsPlayer.Repository.ContentReviewRepository+<GetMySaveList>d__14.MoveNext(): GetMySaveList user null
2024-05-16 04:32:10.780 [19] EROR BhapticsPlayer.Utils.SteamUtils.GetSteamInstalledDir(): GetSteamInstalledDir: SOFTWARE\Wow6432Node\Valve\Steam, C:\Program Files (x86)\Steam
2024-05-16 04:32:10.851 [19] EROR BhapticsPlayer.Services.MySteamGameService+<GetRecentlySteamGame>d__13.MoveNext(): GetRecentlySteamGame Exception 입력 문자열의 형식이 잘못되었습니다.
2024-05-16 04:32:14.429 [4] WARN BhapticsPlayer.Login.UserRepository.GetCurrentUser(): GetCurrentUser User null
2024-05-16 04:32:15.479 [4] EROR BhapticsPlayer.NewSDK.Sdk2MessageRepository.GetHapticPattern(System.String, System.String, System.Int32): GetHapticPattern WebException(): 원격 서버에서 (404) 찾을 수 없음 오류를 반환했습니다.
2024-05-16 04:32:15.483 [20] EROR BhapticsPlayer.Websocket.HapticPatternBehavior+<>c__DisplayClass38_1.<CloseConnection>b__1(System.Boolean): CloseConnection [{"Type":"ServerReady","Message":"Failed"}] True
2024-05-16 04:33:16.174 [49] WARN BhapticsPlayer.WebSocket.PlayerServerBehavior.OnOpen(): PlayerServerBehavior OnOpen com.bhaptics.developers, bHaptics Developer Portal
2024-05-16 04:33:16.174 [49] WARN BhapticsPlayer.WebSocket.PlayerServerBehavior.OnOpen(): OnOpen(89fc10a9ab4748dea2642f904375ee84) # of Clients : 1
2024-05-16 04:33:32.067 [1] EROR BhapticsPlayer.Bluetooth.TactosyDevice+<Connect>d__255.MoveNext(): Services Found but not Assigned (TactGlove (L), 249171066728075, Unreachable)
2024-05-16 04:34:06.707 [1] WARN BhapticsPlayer.Bluetooth.BluetoothUtilities+<GetGattCharacteristic>d__0.MoveNext(): Failed to GetGattCharacteristic(Service UUID : 6e400001-b5a3-f393-e0a9-e50e24dcca9e, Char UUID : 6e400014-b5a3-f393-e0a9-e50e24dcca9e) Number of char is zero.
2024-05-16 04:34:06.730 [1] WARN BhapticsPlayer.Bluetooth.BluetoothUtilities+<GetGattCharacteristic>d__0.MoveNext(): Failed to GetGattCharacteristic(Service UUID : 6e400001-b5a3-f393-e0a9-e50e24dcca9e, Char UUID : 6e40000d-b5a3-f393-e0a9-e50e24dcca9e) Number of char is zero.
2024-05-16 04:34:06.733 [1] WARN BhapticsPlayer.Bluetooth.BluetoothUtilities+<GetGattCharacteristic>d__0.MoveNext(): Failed to GetGattCharacteristic(Service UUID : 6e400001-b5a3-f393-e0a9-e50e24dcca9e, Char UUID : 6e40000e-b5a3-f393-e0a9-e50e24dcca9e) Number of char is zero.
2024-05-16 04:34:11.297 [1] WARN BhapticsPlayer.Bluetooth.BluetoothUtilities+<GetGattCharacteristic>d__0.MoveNext(): Failed to GetGattCharacteristic(Service UUID : 6e400001-b5a3-f393-e0a9-e50e24dcca9e, Char UUID : 6e400014-b5a3-f393-e0a9-e50e24dcca9e) Number of char is zero.
2024-05-16 04:34:11.319 [1] WARN BhapticsPlayer.Bluetooth.BluetoothUtilities+<GetGattCharacteristic>d__0.MoveNext(): Failed to GetGattCharacteristic(Service UUID : 6e400001-b5a3-f393-e0a9-e50e24dcca9e, Char UUID : 6e40000d-b5a3-f393-e0a9-e50e24dcca9e) Number of char is zero.
2024-05-16 04:34:11.321 [1] WARN BhapticsPlayer.Bluetooth.BluetoothUtilities+<GetGattCharacteristic>d__0.MoveNext(): Failed to GetGattCharacteristic(Service UUID : 6e400001-b5a3-f393-e0a9-e50e24dcca9e, Char UUID : 6e40000e-b5a3-f393-e0a9-e50e24dcca9e) Number of char is zero.
2024-05-16 04:34:15.051 [12] WARN BhapticsPlayer.Haptic.AthFilePlayer.Register(BhapticsPlayer.Haptic.RegisterAthRequest): Register() Does not have an app. 89fc10a9ab4748dea2642f904375ee84 create one.
2024-05-16 04:36:45.270 [35] WARN BhapticsPlayer.Login.UserRepository.GetCurrentUser(): GetCurrentUser User null
2024-05-16 04:36:45.277 [12] WARN BhapticsPlayer.Haptic.AthFilePlayer.Register(BhapticsPlayer.Haptic.RegisterAthRequest): Register() Does not have an app. 66026d139b48972bdd8593d1 create one.
2024-05-16 04:36:45.790 [31] EROR BhapticsPlayer.Websocket.HapticPatternBehavior.OnMessage(WebSocketSharp.MessageEventArgs): OnMessage : SdkRequestAuthInit
2024-05-16 04:36:45.793 [31] EROR BhapticsPlayer.Websocket.HapticPatternBehavior.GetHapticDeployMessage(System.String): GetHapticDeployMessage() HapticDeployHttpMessage
2024-05-16 04:39:55.525 [58] WARN BhapticsPlayer.Login.UserRepository.GetCurrentUser(): GetCurrentUser User null
2024-05-16 04:39:55.537 [12] WARN BhapticsPlayer.Haptic.AthFilePlayer.Register(BhapticsPlayer.Haptic.RegisterAthRequest): Register() Does not have an app. 66026d139b48972bdd8593d1 create one.
2024-05-16 04:39:56.622 [58] EROR BhapticsPlayer.Websocket.HapticPatternBehavior.OnMessage(WebSocketSharp.MessageEventArgs): OnMessage : SdkRequestAuthInit
2024-05-16 04:39:56.623 [58] EROR BhapticsPlayer.Websocket.HapticPatternBehavior.GetHapticDeployMessage(System.String): GetHapticDeployMessage() HapticDeployHttpMessage
2024-05-16 04:40:01.625 [56] WARN BhapticsPlayer.Bluetooth.TactosyDevice+<Read>d__248.MoveNext(): Read(TactGlove (L), 6e400005-b5a3-f393-e0a9-e50e24dcca9e) Failed. under sending
2024-05-16 04:40:01.626 [56] WARN BhapticsPlayer.Bluetooth.TactosyDevice+<ReadColor>d__229.MoveNext(): ReadColor(TactGlove (L)) Failed.
2024-05-16 04:40:26.780 [31] WARN BhapticsPlayer.Login.UserRepository.GetCurrentUser(): GetCurrentUser User null
2024-05-16 04:40:26.797 [12] WARN BhapticsPlayer.Haptic.AthFilePlayer.Register(BhapticsPlayer.Haptic.RegisterAthRequest): Register() Does not have an app. 66026d139b48972bdd8593d1 create one.
2024-05-16 04:40:27.099 [31] EROR BhapticsPlayer.Websocket.HapticPatternBehavior.OnMessage(WebSocketSharp.MessageEventArgs): OnMessage : SdkRequestAuthInit
2024-05-16 04:40:27.100 [31] EROR BhapticsPlayer.Websocket.HapticPatternBehavior.GetHapticDeployMessage(System.String): GetHapticDeployMessage() HapticDeployHttpMessage
2024-05-16 04:40:32.855 [52] EROR BhapticsPlayer.Bluetooth.TactosyDevice+<Read>d__248.MoveNext(): Read(TactGlove (L)) : 6e400005-b5a3-f393-e0a9-e50e24dcca9e, 작업이 중단되었습니다. (예외가 발생한 HRESULT: 0x80004004 (E_ABORT))
2024-05-16 04:40:32.884 [52] WARN BhapticsPlayer.Bluetooth.TactosyDevice+<ReadColor>d__229.MoveNext(): ReadColor() Failed.
2024-05-16 04:40:37.340 [1] WARN BhapticsPlayer.Bluetooth.BluetoothUtilities+<GetGattCharacteristic>d__0.MoveNext(): Failed to GetGattCharacteristic(Service UUID : 6e400001-b5a3-f393-e0a9-e50e24dcca9e, Char UUID : 6e400014-b5a3-f393-e0a9-e50e24dcca9e) Number of char is zero.
2024-05-16 04:40:37.365 [1] WARN BhapticsPlayer.Bluetooth.BluetoothUtilities+<GetGattCharacteristic>d__0.MoveNext(): Failed to GetGattCharacteristic(Service UUID : 6e400001-b5a3-f393-e0a9-e50e24dcca9e, Char UUID : 6e40000d-b5a3-f393-e0a9-e50e24dcca9e) Number of char is zero.
2024-05-16 04:40:37.367 [1] WARN BhapticsPlayer.Bluetooth.BluetoothUtilities+<GetGattCharacteristic>d__0.MoveNext(): Failed to GetGattCharacteristic(Service UUID : 6e400001-b5a3-f393-e0a9-e50e24dcca9e, Char UUID : 6e40000e-b5a3-f393-e0a9-e50e24dcca9e) Number of char is zero.
2024-05-16 04:41:25.354 [8] WARN BhapticsPlayer.Login.UserRepository.GetCurrentUser(): GetCurrentUser User null
2024-05-16 04:41:25.358 [12] WARN BhapticsPlayer.Haptic.AthFilePlayer.Register(BhapticsPlayer.Haptic.RegisterAthRequest): Register() Does not have an app. 66026d139b48972bdd8593d1 create one.
2024-05-16 04:41:25.661 [44] EROR BhapticsPlayer.Websocket.HapticPatternBehavior.OnMessage(WebSocketSharp.MessageEventArgs): OnMessage : SdkRequestAuthInit
2024-05-16 04:41:25.662 [44] EROR BhapticsPlayer.Websocket.HapticPatternBehavior.GetHapticDeployMessage(System.String): GetHapticDeployMessage() HapticDeployHttpMessage
2024-05-16 04:41:28.729 [55] WARN BhapticsPlayer.Bluetooth.TactosyDevice+<Read>d__248.MoveNext(): Read(TactGlove (L), 6e400005-b5a3-f393-e0a9-e50e24dcca9e) Failed. under sending
2024-05-16 04:41:28.730 [55] WARN BhapticsPlayer.Bluetooth.TactosyDevice+<ReadColor>d__229.MoveNext(): ReadColor(TactGlove (L)) Failed.
2024-05-16 04:41:29.492 [52] EROR BhapticsPlayer.Bluetooth.TactosyDevice+<Read>d__248.MoveNext(): Read(TactGlove (L)) : 6e400005-b5a3-f393-e0a9-e50e24dcca9e, 작업이 중단되었습니다. (예외가 발생한 HRESULT: 0x80004004 (E_ABORT))
2024-05-16 04:41:29.507 [52] WARN BhapticsPlayer.Bluetooth.TactosyDevice+<ReadColor>d__229.MoveNext(): ReadColor() Failed.
2024-05-16 04:41:35.479 [1] WARN BhapticsPlayer.Bluetooth.BluetoothUtilities+<GetGattCharacteristic>d__0.MoveNext(): Failed to GetGattCharacteristic(Service UUID : 6e400001-b5a3-f393-e0a9-e50e24dcca9e, Char UUID : 6e400014-b5a3-f393-e0a9-e50e24dcca9e) Number of char is zero.
2024-05-16 04:41:35.502 [1] WARN BhapticsPlayer.Bluetooth.BluetoothUtilities+<GetGattCharacteristic>d__0.MoveNext(): Failed to GetGattCharacteristic(Service UUID : 6e400001-b5a3-f393-e0a9-e50e24dcca9e, Char UUID : 6e40000d-b5a3-f393-e0a9-e50e24dcca9e) Number of char is zero.
2024-05-16 04:41:35.504 [1] WARN BhapticsPlayer.Bluetooth.BluetoothUtilities+<GetGattCharacteristic>d__0.MoveNext(): Failed to GetGattCharacteristic(Service UUID : 6e400001-b5a3-f393-e0a9-e50e24dcca9e, Char UUID : 6e40000e-b5a3-f393-e0a9-e50e24dcca9e) Number of char is zero.
2024-05-16 04:43:04.290 [52] EROR BhapticsPlayer.Bluetooth.TactosyDevice+<Read>d__248.MoveNext(): Read(TactGlove (L)) : 6e400005-b5a3-f393-e0a9-e50e24dcca9e, 작업이 중단되었습니다. (예외가 발생한 HRESULT: 0x80004004 (E_ABORT))
2024-05-16 04:43:04.304 [52] WARN BhapticsPlayer.Bluetooth.TactosyDevice+<ReadColor>d__229.MoveNext(): ReadColor() Failed.
2024-05-16 04:43:08.013 [1] WARN BhapticsPlayer.Bluetooth.BluetoothUtilities+<GetGattCharacteristic>d__0.MoveNext(): Failed to GetGattCharacteristic(Service UUID : 6e400001-b5a3-f393-e0a9-e50e24dcca9e, Char UUID : 6e400014-b5a3-f393-e0a9-e50e24dcca9e) Number of char is zero.
2024-05-16 04:43:08.040 [1] WARN BhapticsPlayer.Bluetooth.BluetoothUtilities+<GetGattCharacteristic>d__0.MoveNext(): Failed to GetGattCharacteristic(Service UUID : 6e400001-b5a3-f393-e0a9-e50e24dcca9e, Char UUID : 6e40000d-b5a3-f393-e0a9-e50e24dcca9e) Number of char is zero.
2024-05-16 04:43:08.042 [1] WARN BhapticsPlayer.Bluetooth.BluetoothUtilities+<GetGattCharacteristic>d__0.MoveNext(): Failed to GetGattCharacteristic(Service UUID : 6e400001-b5a3-f393-e0a9-e50e24dcca9e, Char UUID : 6e40000e-b5a3-f393-e0a9-e50e24dcca9e) Number of char is zero.
2024-05-16 04:46:45.390 [52] EROR BhapticsPlayer.Bluetooth.TactosyDevice+<Read>d__248.MoveNext(): Read(TactGlove (L)) : 6e400005-b5a3-f393-e0a9-e50e24dcca9e, 작업이 중단되었습니다. (예외가 발생한 HRESULT: 0x80004004 (E_ABORT))
2024-05-16 04:46:45.402 [52] WARN BhapticsPlayer.Bluetooth.TactosyDevice+<ReadColor>d__229.MoveNext(): ReadColor() Failed.
2024-05-16 04:46:53.400 [1] WARN BhapticsPlayer.Bluetooth.BluetoothUtilities+<GetGattCharacteristic>d__0.MoveNext(): Failed to GetGattCharacteristic(Service UUID : 6e400001-b5a3-f393-e0a9-e50e24dcca9e, Char UUID : 6e400014-b5a3-f393-e0a9-e50e24dcca9e) Number of char is zero.
2024-05-16 04:46:53.425 [1] WARN BhapticsPlayer.Bluetooth.BluetoothUtilities+<GetGattCharacteristic>d__0.MoveNext(): Failed to GetGattCharacteristic(Service UUID : 6e400001-b5a3-f393-e0a9-e50e24dcca9e, Char UUID : 6e40000d-b5a3-f393-e0a9-e50e24dcca9e) Number of char is zero.
2024-05-16 04:46:53.427 [1] WARN BhapticsPlayer.Bluetooth.BluetoothUtilities+<GetGattCharacteristic>d__0.MoveNext(): Failed to GetGattCharacteristic(Service UUID : 6e400001-b5a3-f393-e0a9-e50e24dcca9e, Char UUID : 6e40000e-b5a3-f393-e0a9-e50e24dcca9e) Number of char is zero.
2024-05-16 04:59:02.114 [52] EROR BhapticsPlayer.Bluetooth.TactosyDevice+<Read>d__248.MoveNext(): Read(TactGlove (L)) : 6e400005-b5a3-f393-e0a9-e50e24dcca9e, 개체가 닫혔습니다. (예외가 발생한 HRESULT: 0x80000013)
2024-05-16 04:59:02.118 [52] WARN BhapticsPlayer.Bluetooth.TactosyDevice+<ReadColor>d__229.MoveNext(): ReadColor() Failed.
2024-05-16 04:59:08.377 [1] WARN BhapticsPlayer.Bluetooth.BluetoothUtilities+<GetGattCharacteristic>d__0.MoveNext(): Failed to GetGattCharacteristic(Service UUID : 6e400001-b5a3-f393-e0a9-e50e24dcca9e, Char UUID : 6e400014-b5a3-f393-e0a9-e50e24dcca9e) Number of char is zero.
2024-05-16 04:59:08.398 [1] WARN BhapticsPlayer.Bluetooth.BluetoothUtilities+<GetGattCharacteristic>d__0.MoveNext(): Failed to GetGattCharacteristic(Service UUID : 6e400001-b5a3-f393-e0a9-e50e24dcca9e, Char UUID : 6e40000d-b5a3-f393-e0a9-e50e24dcca9e) Number of char is zero.
2024-05-16 04:59:08.402 [1] WARN BhapticsPlayer.Bluetooth.BluetoothUtilities+<GetGattCharacteristic>d__0.MoveNext(): Failed to GetGattCharacteristic(Service UUID : 6e400001-b5a3-f393-e0a9-e50e24dcca9e, Char UUID : 6e40000e-b5a3-f393-e0a9-e50e24dcca9e) Number of char is zero.
2024-05-16 04:59:23.175 [52] EROR BhapticsPlayer.Bluetooth.TactosyDevice+<Read>d__248.MoveNext(): Read(TactGlove (L)) : 6e400005-b5a3-f393-e0a9-e50e24dcca9e, 개체가 닫혔습니다. (예외가 발생한 HRESULT: 0x80000013)
2024-05-16 04:59:23.178 [52] WARN BhapticsPlayer.Bluetooth.TactosyDevice+<ReadColor>d__229.MoveNext(): ReadColor() Failed.
2024-05-16 04:59:42.621 [1] WARN BhapticsPlayer.Bluetooth.BluetoothUtilities+<GetGattCharacteristic>d__0.MoveNext(): Failed to GetGattCharacteristic(Service UUID : 6e400001-b5a3-f393-e0a9-e50e24dcca9e, Char UUID : 6e400014-b5a3-f393-e0a9-e50e24dcca9e) Number of char is zero.
2024-05-16 04:59:42.644 [1] WARN BhapticsPlayer.Bluetooth.BluetoothUtilities+<GetGattCharacteristic>d__0.MoveNext(): Failed to GetGattCharacteristic(Service UUID : 6e400001-b5a3-f393-e0a9-e50e24dcca9e, Char UUID : 6e40000d-b5a3-f393-e0a9-e50e24dcca9e) Number of char is zero.
2024-05-16 04:59:42.647 [1] WARN BhapticsPlayer.Bluetooth.BluetoothUtilities+<GetGattCharacteristic>d__0.MoveNext(): Failed to GetGattCharacteristic(Service UUID : 6e400001-b5a3-f393-e0a9-e50e24dcca9e, Char UUID : 6e40000e-b5a3-f393-e0a9-e50e24dcca9e) Number of char is zero.
2024-05-16 05:00:33.892 [52] EROR BhapticsPlayer.Bluetooth.TactosyDevice+<Read>d__248.MoveNext(): Read(TactGlove (L)) : 6e400005-b5a3-f393-e0a9-e50e24dcca9e, 개체가 닫혔습니다. (예외가 발생한 HRESULT: 0x80000013)
2024-05-16 05:00:33.894 [52] WARN BhapticsPlayer.Bluetooth.TactosyDevice+<ReadColor>d__229.MoveNext(): ReadColor() Failed.
2024-05-16 05:00:50.481 [1] WARN BhapticsPlayer.Bluetooth.BluetoothUtilities+<GetGattCharacteristic>d__0.MoveNext(): Failed to GetGattCharacteristic(Service UUID : 6e400001-b5a3-f393-e0a9-e50e24dcca9e, Char UUID : 6e400014-b5a3-f393-e0a9-e50e24dcca9e) Number of char is zero.
2024-05-16 05:00:50.502 [1] WARN BhapticsPlayer.Bluetooth.BluetoothUtilities+<GetGattCharacteristic>d__0.MoveNext(): Failed to GetGattCharacteristic(Service UUID : 6e400001-b5a3-f393-e0a9-e50e24dcca9e, Char UUID : 6e40000d-b5a3-f393-e0a9-e50e24dcca9e) Number of char is zero.
2024-05-16 05:00:50.505 [1] WARN BhapticsPlayer.Bluetooth.BluetoothUtilities+<GetGattCharacteristic>d__0.MoveNext(): Failed to GetGattCharacteristic(Service UUID : 6e400001-b5a3-f393-e0a9-e50e24dcca9e, Char UUID : 6e40000e-b5a3-f393-e0a9-e50e24dcca9e) Number of char is zero.
2024-05-16 05:01:02.506 [52] EROR BhapticsPlayer.Bluetooth.TactosyDevice+<Read>d__248.MoveNext(): Read(TactGlove (L)) : 6e400005-b5a3-f393-e0a9-e50e24dcca9e, 개체가 닫혔습니다. (예외가 발생한 HRESULT: 0x80000013)
2024-05-16 05:01:02.511 [52] WARN BhapticsPlayer.Bluetooth.TactosyDevice+<ReadColor>d__229.MoveNext(): ReadColor() Failed.
2024-05-16 05:01:07.953 [1] WARN BhapticsPlayer.Bluetooth.BluetoothUtilities+<GetGattCharacteristic>d__0.MoveNext(): Failed to GetGattCharacteristic(Service UUID : 0000fe59-0000-1000-8000-00805f9b34fb, Char UUID : 8ec90003-f315-4f60-9fb8-838830daea50) 
2024-05-16 05:01:07.964 [1] WARN BhapticsPlayer.Bluetooth.BluetoothUtilities+<GetGattCharacteristic>d__0.MoveNext(): Failed to GetGattCharacteristic(Service UUID : 6e400001-b5a3-f393-e0a9-e50e24dcca9e, Char UUID : 6e400002-b5a3-f393-e0a9-e50e24dcca9e) 
2024-05-16 05:01:07.970 [1] WARN BhapticsPlayer.Bluetooth.BluetoothUtilities+<GetGattCharacteristic>d__0.MoveNext(): Failed to GetGattCharacteristic(Service UUID : 6e400001-b5a3-f393-e0a9-e50e24dcca9e, Char UUID : 6e400014-b5a3-f393-e0a9-e50e24dcca9e) 
2024-05-16 05:01:07.975 [1] WARN BhapticsPlayer.Bluetooth.BluetoothUtilities+<GetGattCharacteristic>d__0.MoveNext(): Failed to GetGattCharacteristic(Service UUID : 6e400001-b5a3-f393-e0a9-e50e24dcca9e, Char UUID : 6e400013-b5a3-f393-e0a9-e50e24dcca9e) 
2024-05-16 05:01:07.980 [1] WARN BhapticsPlayer.Bluetooth.BluetoothUtilities+<GetGattCharacteristic>d__0.MoveNext(): Failed to GetGattCharacteristic(Service UUID : 6e400001-b5a3-f393-e0a9-e50e24dcca9e, Char UUID : 6e400003-b5a3-f393-e0a9-e50e24dcca9e) 
2024-05-16 05:01:07.985 [1] WARN BhapticsPlayer.Bluetooth.BluetoothUtilities+<GetGattCharacteristic>d__0.MoveNext(): Failed to GetGattCharacteristic(Service UUID : 6e400001-b5a3-f393-e0a9-e50e24dcca9e, Char UUID : 6e40000a-b5a3-f393-e0a9-e50e24dcca9e) 
2024-05-16 05:01:07.990 [1] WARN BhapticsPlayer.Bluetooth.BluetoothUtilities+<GetGattCharacteristic>d__0.MoveNext(): Failed to GetGattCharacteristic(Service UUID : 6e400001-b5a3-f393-e0a9-e50e24dcca9e, Char UUID : 6e400005-b5a3-f393-e0a9-e50e24dcca9e) 
2024-05-16 05:01:07.997 [1] WARN BhapticsPlayer.Bluetooth.BluetoothUtilities+<GetGattCharacteristic>d__0.MoveNext(): Failed to GetGattCharacteristic(Service UUID : 6e400001-b5a3-f393-e0a9-e50e24dcca9e, Char UUID : 6e400008-b5a3-f393-e0a9-e50e24dcca9e) 
2024-05-16 05:01:08.002 [1] WARN BhapticsPlayer.Bluetooth.BluetoothUtilities+<GetGattCharacteristic>d__0.MoveNext(): Failed to GetGattCharacteristic(Service UUID : 6e400001-b5a3-f393-e0a9-e50e24dcca9e, Char UUID : 6e400007-b5a3-f393-e0a9-e50e24dcca9e) 
2024-05-16 05:01:08.007 [1] WARN BhapticsPlayer.Bluetooth.BluetoothUtilities+<GetGattCharacteristic>d__0.MoveNext(): Failed to GetGattCharacteristic(Service UUID : 6e400001-b5a3-f393-e0a9-e50e24dcca9e, Char UUID : 6e40000b-b5a3-f393-e0a9-e50e24dcca9e) 
2024-05-16 05:01:08.012 [1] WARN BhapticsPlayer.Bluetooth.BluetoothUtilities+<GetGattCharacteristic>d__0.MoveNext(): Failed to GetGattCharacteristic(Service UUID : 6e400001-b5a3-f393-e0a9-e50e24dcca9e, Char UUID : 6e40000d-b5a3-f393-e0a9-e50e24dcca9e) 
2024-05-16 05:01:08.017 [1] WARN BhapticsPlayer.Bluetooth.BluetoothUtilities+<GetGattCharacteristic>d__0.MoveNext(): Failed to GetGattCharacteristic(Service UUID : 6e400001-b5a3-f393-e0a9-e50e24dcca9e, Char UUID : 6e40000e-b5a3-f393-e0a9-e50e24dcca9e) 
2024-05-16 05:01:08.022 [1] WARN BhapticsPlayer.Bluetooth.BluetoothUtilities+<GetGattCharacteristic>d__0.MoveNext(): Failed to GetGattCharacteristic(Service UUID : 6e400001-b5a3-f393-e0a9-e50e24dcca9e, Char UUID : 6e40000c-b5a3-f393-e0a9-e50e24dcca9e) 
2024-05-16 05:01:08.027 [1] WARN BhapticsPlayer.Bluetooth.BluetoothUtilities+<GetGattCharacteristic>d__0.MoveNext(): Failed to GetGattCharacteristic(Service UUID : 6e400001-b5a3-f393-e0a9-e50e24dcca9e, Char UUID : 6e400011-b5a3-f393-e0a9-e50e24dcca9e) 
2024-05-16 05:01:08.028 [1] EROR BhapticsPlayer.Bluetooth.TactosyDevice+<Connect>d__255.MoveNext(): Services Found but not Assigned (TactGlove (L), 249171066728075, Success)
2024-05-16 05:01:19.955 [1] WARN BhapticsPlayer.Bluetooth.BluetoothUtilities+<GetGattCharacteristic>d__0.MoveNext(): Failed to GetGattCharacteristic(Service UUID : 6e400001-b5a3-f393-e0a9-e50e24dcca9e, Char UUID : 6e400014-b5a3-f393-e0a9-e50e24dcca9e) Number of char is zero.
2024-05-16 05:01:19.976 [1] WARN BhapticsPlayer.Bluetooth.BluetoothUtilities+<GetGattCharacteristic>d__0.MoveNext(): Failed to GetGattCharacteristic(Service UUID : 6e400001-b5a3-f393-e0a9-e50e24dcca9e, Char UUID : 6e40000d-b5a3-f393-e0a9-e50e24dcca9e) Number of char is zero.
2024-05-16 05:01:19.978 [1] WARN BhapticsPlayer.Bluetooth.BluetoothUtilities+<GetGattCharacteristic>d__0.MoveNext(): Failed to GetGattCharacteristic(Service UUID : 6e400001-b5a3-f393-e0a9-e50e24dcca9e, Char UUID : 6e40000e-b5a3-f393-e0a9-e50e24dcca9e) Number of char is zero.
2024-05-16 05:01:47.664 [52] EROR BhapticsPlayer.Bluetooth.TactosyDevice+<Read>d__248.MoveNext(): Read(TactGlove (L)) : 6e400005-b5a3-f393-e0a9-e50e24dcca9e, 개체가 닫혔습니다. (예외가 발생한 HRESULT: 0x80000013)
2024-05-16 05:01:47.687 [52] WARN BhapticsPlayer.Bluetooth.TactosyDevice+<ReadColor>d__229.MoveNext(): ReadColor() Failed.
2024-05-16 05:02:27.033 [1] EROR BhapticsPlayer.Bluetooth.TactosyDevice+<Connect>d__255.MoveNext(): Services Found but not Assigned (TactGlove (L), 249171066728075, Unreachable)
2024-05-16 05:03:44.178 [1] WARN BhapticsPlayer.Bluetooth.BluetoothUtilities+<GetGattCharacteristic>d__0.MoveNext(): Failed to GetGattCharacteristic(Service UUID : 6e400001-b5a3-f393-e0a9-e50e24dcca9e, Char UUID : 6e400014-b5a3-f393-e0a9-e50e24dcca9e) Number of char is zero.
2024-05-16 05:03:44.200 [1] WARN BhapticsPlayer.Bluetooth.BluetoothUtilities+<GetGattCharacteristic>d__0.MoveNext(): Failed to GetGattCharacteristic(Service UUID : 6e400001-b5a3-f393-e0a9-e50e24dcca9e, Char UUID : 6e40000d-b5a3-f393-e0a9-e50e24dcca9e) Number of char is zero.
2024-05-16 05:03:44.202 [1] WARN BhapticsPlayer.Bluetooth.BluetoothUtilities+<GetGattCharacteristic>d__0.MoveNext(): Failed to GetGattCharacteristic(Service UUID : 6e400001-b5a3-f393-e0a9-e50e24dcca9e, Char UUID : 6e40000e-b5a3-f393-e0a9-e50e24dcca9e) Number of char is zero.
2024-05-16 05:07:50.676 [52] EROR BhapticsPlayer.Bluetooth.TactosyDevice+<Read>d__248.MoveNext(): Read(TactGlove (L)) : 6e400005-b5a3-f393-e0a9-e50e24dcca9e, 개체가 닫혔습니다. (예외가 발생한 HRESULT: 0x80000013)
2024-05-16 05:07:50.678 [52] WARN BhapticsPlayer.Bluetooth.TactosyDevice+<ReadColor>d__229.MoveNext(): ReadColor() Failed.
2024-05-16 05:07:55.168 [1] EROR BhapticsPlayer.Bluetooth.TactosyDevice+<Connect>d__255.MoveNext(): Services Found but not Assigned (TactGlove (L), 249171066728075, Unreachable)
2024-05-16 05:08:27.841 [1] WARN BhapticsPlayer.Bluetooth.BluetoothUtilities+<GetGattCharacteristic>d__0.MoveNext(): Failed to GetGattCharacteristic(Service UUID : 6e400001-b5a3-f393-e0a9-e50e24dcca9e, Char UUID : 6e400014-b5a3-f393-e0a9-e50e24dcca9e) Number of char is zero.
2024-05-16 05:08:27.869 [1] WARN BhapticsPlayer.Bluetooth.BluetoothUtilities+<GetGattCharacteristic>d__0.MoveNext(): Failed to GetGattCharacteristic(Service UUID : 6e400001-b5a3-f393-e0a9-e50e24dcca9e, Char UUID : 6e40000d-b5a3-f393-e0a9-e50e24dcca9e) Number of char is zero.
2024-05-16 05:08:27.872 [1] WARN BhapticsPlayer.Bluetooth.BluetoothUtilities+<GetGattCharacteristic>d__0.MoveNext(): Failed to GetGattCharacteristic(Service UUID : 6e400001-b5a3-f393-e0a9-e50e24dcca9e, Char UUID : 6e40000e-b5a3-f393-e0a9-e50e24dcca9e) Number of char is zero.
2024-05-16 05:13:48.715 [52] EROR BhapticsPlayer.Bluetooth.TactosyDevice+<Read>d__248.MoveNext(): Read(TactGlove (L)) : 6e400005-b5a3-f393-e0a9-e50e24dcca9e, 작업이 중단되었습니다. (예외가 발생한 HRESULT: 0x80004004 (E_ABORT))
2024-05-16 05:13:48.728 [52] WARN BhapticsPlayer.Bluetooth.TactosyDevice+<ReadColor>d__229.MoveNext(): ReadColor() Failed.
2024-05-16 05:13:55.617 [1] WARN BhapticsPlayer.Bluetooth.BluetoothUtilities+<GetGattCharacteristic>d__0.MoveNext(): Failed to GetGattCharacteristic(Service UUID : 6e400001-b5a3-f393-e0a9-e50e24dcca9e, Char UUID : 6e400014-b5a3-f393-e0a9-e50e24dcca9e) Number of char is zero.
2024-05-16 05:13:55.640 [1] WARN BhapticsPlayer.Bluetooth.BluetoothUtilities+<GetGattCharacteristic>d__0.MoveNext(): Failed to GetGattCharacteristic(Service UUID : 6e400001-b5a3-f393-e0a9-e50e24dcca9e, Char UUID : 6e40000d-b5a3-f393-e0a9-e50e24dcca9e) Number of char is zero.
2024-05-16 05:13:55.643 [1] WARN BhapticsPlayer.Bluetooth.BluetoothUtilities+<GetGattCharacteristic>d__0.MoveNext(): Failed to GetGattCharacteristic(Service UUID : 6e400001-b5a3-f393-e0a9-e50e24dcca9e, Char UUID : 6e40000e-b5a3-f393-e0a9-e50e24dcca9e) Number of char is zero.
2024-05-16 05:14:41.648 [52] EROR BhapticsPlayer.Bluetooth.TactosyDevice+<Read>d__248.MoveNext(): Read(TactGlove (L)) : 6e400005-b5a3-f393-e0a9-e50e24dcca9e, 개체가 닫혔습니다. (예외가 발생한 HRESULT: 0x80000013)
2024-05-16 05:14:41.650 [52] WARN BhapticsPlayer.Bluetooth.TactosyDevice+<ReadColor>d__229.MoveNext(): ReadColor() Failed.
2024-05-16 05:14:58.045 [1] WARN BhapticsPlayer.Bluetooth.BluetoothUtilities+<GetGattCharacteristic>d__0.MoveNext(): Failed to GetGattCharacteristic(Service UUID : 6e400001-b5a3-f393-e0a9-e50e24dcca9e, Char UUID : 6e400014-b5a3-f393-e0a9-e50e24dcca9e) Number of char is zero.
2024-05-16 05:14:58.068 [1] WARN BhapticsPlayer.Bluetooth.BluetoothUtilities+<GetGattCharacteristic>d__0.MoveNext(): Failed to GetGattCharacteristic(Service UUID : 6e400001-b5a3-f393-e0a9-e50e24dcca9e, Char UUID : 6e40000d-b5a3-f393-e0a9-e50e24dcca9e) Number of char is zero.
2024-05-16 05:14:58.070 [1] WARN BhapticsPlayer.Bluetooth.BluetoothUtilities+<GetGattCharacteristic>d__0.MoveNext(): Failed to GetGattCharacteristic(Service UUID : 6e400001-b5a3-f393-e0a9-e50e24dcca9e, Char UUID : 6e40000e-b5a3-f393-e0a9-e50e24dcca9e) Number of char is zero.
2024-05-16 05:15:52.500 [52] EROR BhapticsPlayer.Bluetooth.TactosyDevice+<Read>d__248.MoveNext(): Read(TactGlove (L)) : 6e400005-b5a3-f393-e0a9-e50e24dcca9e, 개체가 닫혔습니다. (예외가 발생한 HRESULT: 0x80000013)
2024-05-16 05:15:52.503 [52] WARN BhapticsPlayer.Bluetooth.TactosyDevice+<ReadColor>d__229.MoveNext(): ReadColor() Failed.
2024-05-16 05:15:57.445 [1] WARN BhapticsPlayer.Bluetooth.BluetoothUtilities+<GetGattCharacteristic>d__0.MoveNext(): Failed to GetGattCharacteristic(Service UUID : 6e400001-b5a3-f393-e0a9-e50e24dcca9e, Char UUID : 6e400014-b5a3-f393-e0a9-e50e24dcca9e) Number of char is zero.
2024-05-16 05:15:57.469 [1] WARN BhapticsPlayer.Bluetooth.BluetoothUtilities+<GetGattCharacteristic>d__0.MoveNext(): Failed to GetGattCharacteristic(Service UUID : 6e400001-b5a3-f393-e0a9-e50e24dcca9e, Char UUID : 6e40000d-b5a3-f393-e0a9-e50e24dcca9e) Number of char is zero.
2024-05-16 05:15:57.471 [1] WARN BhapticsPlayer.Bluetooth.BluetoothUtilities+<GetGattCharacteristic>d__0.MoveNext(): Failed to GetGattCharacteristic(Service UUID : 6e400001-b5a3-f393-e0a9-e50e24dcca9e, Char UUID : 6e40000e-b5a3-f393-e0a9-e50e24dcca9e) Number of char is zero.
2024-05-16 05:16:09.025 [52] EROR BhapticsPlayer.Bluetooth.TactosyDevice+<Read>d__248.MoveNext(): Read(TactGlove (L)) : 6e400005-b5a3-f393-e0a9-e50e24dcca9e, 개체가 닫혔습니다. (예외가 발생한 HRESULT: 0x80000013)
2024-05-16 05:16:09.028 [52] WARN BhapticsPlayer.Bluetooth.TactosyDevice+<ReadColor>d__229.MoveNext(): ReadColor() Failed.
2024-05-16 05:17:04.902 [1] EROR BhapticsPlayer.Bluetooth.TactosyDevice+<Connect>d__255.MoveNext(): Services Found but not Assigned (TactGlove (L), 249171066728075, Unreachable)
2024-05-16 05:21:17.636 [30] WARN BhapticsPlayer.Login.UserRepository.GetCurrentUser(): GetCurrentUser User null
2024-05-16 05:21:17.638 [12] WARN BhapticsPlayer.Haptic.AthFilePlayer.Register(BhapticsPlayer.Haptic.RegisterAthRequest): Register() Does not have an app. 66026d139b48972bdd8593d1 create one.
2024-05-16 05:21:18.960 [30] EROR BhapticsPlayer.Websocket.HapticPatternBehavior.OnMessage(WebSocketSharp.MessageEventArgs): OnMessage : SdkRequestAuthInit
2024-05-16 05:21:18.960 [30] EROR BhapticsPlayer.Websocket.HapticPatternBehavior.GetHapticDeployMessage(System.String): GetHapticDeployMessage() HapticDeployHttpMessage
2024-05-16 05:23:24.049 [38] WARN BhapticsPlayer.Login.UserRepository.GetCurrentUser(): GetCurrentUser User null
2024-05-16 05:23:24.058 [12] WARN BhapticsPlayer.Haptic.AthFilePlayer.Register(BhapticsPlayer.Haptic.RegisterAthRequest): Register() Does not have an app. 66026d139b48972bdd8593d1 create one.
2024-05-16 05:23:24.579 [59] EROR BhapticsPlayer.Websocket.HapticPatternBehavior.OnMessage(WebSocketSharp.MessageEventArgs): OnMessage : SdkRequestAuthInit
2024-05-16 05:23:24.579 [59] EROR BhapticsPlayer.Websocket.HapticPatternBehavior.GetHapticDeployMessage(System.String): GetHapticDeployMessage() HapticDeployHttpMessage
2024-05-16 05:24:42.403 [30] WARN BhapticsPlayer.Login.UserRepository.GetCurrentUser(): GetCurrentUser User null
2024-05-16 05:24:42.419 [12] WARN BhapticsPlayer.Haptic.AthFilePlayer.Register(BhapticsPlayer.Haptic.RegisterAthRequest): Register() Does not have an app. 66026d139b48972bdd8593d1 create one.
2024-05-16 05:24:42.772 [30] EROR BhapticsPlayer.Websocket.HapticPatternBehavior.OnMessage(WebSocketSharp.MessageEventArgs): OnMessage : SdkRequestAuthInit
2024-05-16 05:24:42.773 [30] EROR BhapticsPlayer.Websocket.HapticPatternBehavior.GetHapticDeployMessage(System.String): GetHapticDeployMessage() HapticDeployHttpMessage
2024-05-16 05:25:22.556 [70] WARN BhapticsPlayer.Login.UserRepository.GetCurrentUser(): GetCurrentUser User null
2024-05-16 05:25:22.557 [12] WARN BhapticsPlayer.Haptic.AthFilePlayer.Register(BhapticsPlayer.Haptic.RegisterAthRequest): Register() Does not have an app. 66026d139b48972bdd8593d1 create one.
2024-05-16 05:25:22.872 [70] EROR BhapticsPlayer.Websocket.HapticPatternBehavior.OnMessage(WebSocketSharp.MessageEventArgs): OnMessage : SdkRequestAuthInit
2024-05-16 05:25:22.873 [70] EROR BhapticsPlayer.Websocket.HapticPatternBehavior.GetHapticDeployMessage(System.String): GetHapticDeployMessage() HapticDeployHttpMessage
2024-05-16 05:27:18.661 [28] WARN BhapticsPlayer.Login.UserRepository.GetCurrentUser(): GetCurrentUser User null
2024-05-16 05:27:18.677 [12] WARN BhapticsPlayer.Haptic.AthFilePlayer.Register(BhapticsPlayer.Haptic.RegisterAthRequest): Register() Does not have an app. 66026d139b48972bdd8593d1 create one.
2024-05-16 05:27:19.719 [33] EROR BhapticsPlayer.Websocket.HapticPatternBehavior.OnMessage(WebSocketSharp.MessageEventArgs): OnMessage : SdkRequestAuthInit
2024-05-16 05:27:19.721 [33] EROR BhapticsPlayer.Websocket.HapticPatternBehavior.GetHapticDeployMessage(System.String): GetHapticDeployMessage() HapticDeployHttpMessage
2024-05-16 05:30:08.742 [36] WARN BhapticsPlayer.WebSocket.PlayerServerBehavior.OnClose(WebSocketSharp.CloseEventArgs): OnClose(89fc10a9ab4748dea2642f904375ee84). 
2024-05-16 05:34:22.478 [1] EROR BhapticsPlayer.Window.PortalWindow.Window_Closing(System.Object, System.ComponentModel.CancelEventArgs): Window_Closing
2024-06-02 23:13:04.736 [1] WARN BhapticsPlayer.Window.PortalWindow..ctor(): PortalWindow
2024-06-02 23:13:06.309 [1] WARN BhapticsPlayer.Window.PortalWindow+<<-ctor>b__8_0>d.MoveNext(): PortalWindow Loaded
2024-06-02 23:13:06.436 [1] WARN BhapticsPlayer.Internal.LocalDbRepository.InitializeDatabase(): InitializeDatabase
2024-06-02 23:13:07.715 [1] EROR BhapticsPlayer.Audio.UserService.GetUser(): User not ready.
2024-06-02 23:13:07.717 [1] WARN BhapticsPlayer.Login.UserRepository.GetCurrentUser(): GetCurrentUser User null
2024-06-02 23:13:07.720 [1] EROR BhapticsPlayer.Audio.UserService.GetUser(): User not ready.
2024-06-02 23:13:07.725 [1] WARN BhapticsPlayer.Login.UserRepository.GetCurrentUser(): GetCurrentUser User null
2024-06-02 23:13:08.621 [1] EROR BhapticsPlayer.ViewModel.PortalMenuViewModel.InitRestMenus(): InitRestMenus
2024-06-02 23:13:08.637 [1] WARN BhapticsPlayer.Login.UserRepository.GetCurrentUser(): GetCurrentUser User null
2024-06-02 23:13:08.679 [4] WARN BhapticsPlayer.Login.UserRepository.GetCurrentUser(): GetCurrentUser User null
2024-06-02 23:13:08.679 [4] WARN BhapticsPlayer.Repository.ContentReviewRepository+<GetMySaveList>d__14.MoveNext(): GetMySaveList user null
2024-06-02 23:13:08.727 [1] WARN BhapticsPlayer.Login.UserRepository.GetCurrentUser(): GetCurrentUser User null
2024-06-02 23:13:09.248 [14] WARN BhapticsPlayer.Login.UserRepository.GetCurrentUser(): GetCurrentUser User null
2024-06-02 23:13:09.287 [1] WARN BhapticsPlayer.Login.UserRepository.GetCurrentUser(): GetCurrentUser User null
2024-06-02 23:13:09.304 [1] WARN BhapticsPlayer.Login.UserRepository.GetCurrentUser(): GetCurrentUser User null
2024-06-02 23:13:09.535 [1] WARN BhapticsPlayer.View.PortalWindowMainView+<<-ctor>b__1_0>d.MoveNext(): PortalWindowMainView Loaded
2024-06-02 23:13:09.671 [1] WARN BhapticsPlayer.Window.PortalWindow+<SetPlayerData>d__13.MoveNext(): Bluetooth Version: 12
2024-06-02 23:13:09.746 [1] WARN BhapticsPlayer.View.PortalWindowMainView+<<-ctor>b__1_0>d.MoveNext(): LastVersion: 36
2024-06-02 23:13:09.897 [18] EROR BhapticsPlayer.Utils.SteamUtils.GetSteamInstalledDir(): GetSteamInstalledDir: SOFTWARE\Wow6432Node\Valve\Steam, C:\Program Files (x86)\Steam
2024-06-02 23:13:09.918 [18] EROR BhapticsPlayer.Utils.SteamUtils.GetSteamLibFolder(): path C:\Program Files (x86)\Steam
2024-06-02 23:13:09.925 [18] EROR BhapticsPlayer.Utils.SteamUtils.GetSteamLibFolder(): path E:\Steam
2024-06-02 23:13:09.932 [18] EROR BhapticsPlayer.Utils.SteamUtils.GetSteamLibFolder(): path D:\SteamLibrary
2024-06-02 23:13:10.046 [1] WARN BhapticsPlayer.Login.UserRepository.GetCurrentUser(): GetCurrentUser User null
2024-06-02 23:13:10.128 [1] WARN BhapticsPlayer.Login.UserRepository.GetCurrentUser(): GetCurrentUser User null
2024-06-02 23:13:10.143 [1] WARN BhapticsPlayer.Login.UserRepository.GetCurrentUser(): GetCurrentUser User null
2024-06-02 23:13:10.153 [1] EROR BhapticsPlayer.ViewModel.ProfileMyViewModel+<>c__DisplayClass106_0.<Init>b__0(System.Object, System.ComponentModel.PropertyChangedEventArgs): Changed Settings
2024-06-02 23:13:10.158 [1] WARN BhapticsPlayer.Login.UserRepository.GetCurrentUser(): GetCurrentUser User null
2024-06-02 23:13:10.160 [1] EROR BhapticsPlayer.ViewModel.ProfileMyViewModel+<>c__DisplayClass106_0.<Init>b__0(System.Object, System.ComponentModel.PropertyChangedEventArgs): Changed IsEnable
2024-06-02 23:13:10.162 [1] EROR BhapticsPlayer.ViewModel.ProfileMyViewModel+<>c__DisplayClass106_0.<Init>b__0(System.Object, System.ComponentModel.PropertyChangedEventArgs): Changed CanHapticResolution
2024-06-02 23:13:10.201 [1] WARN BhapticsPlayer.Repository.AccountRepository+<GetMyPlayedProfiles>d__14.MoveNext(): GetMyPlayedProfiles token null
2024-06-02 23:13:10.275 [1] WARN BhapticsPlayer.Login.UserRepository.GetCurrentUser(): GetCurrentUser User null
2024-06-02 23:13:10.276 [1] WARN BhapticsPlayer.Repository.ContentReviewRepository+<GetMySaveList>d__14.MoveNext(): GetMySaveList user null
2024-06-02 23:13:11.173 [18] EROR BhapticsPlayer.Utils.SteamUtils.GetSteamInstalledDir(): GetSteamInstalledDir: SOFTWARE\Wow6432Node\Valve\Steam, C:\Program Files (x86)\Steam
2024-06-02 23:13:11.232 [18] EROR BhapticsPlayer.Services.MySteamGameService+<GetRecentlySteamGame>d__13.MoveNext(): GetRecentlySteamGame Exception 입력 문자열의 형식이 잘못되었습니다.
2024-06-02 23:13:11.923 [25] WARN BhapticsPlayer.WebSocket.PlayerServerBehavior.OnOpen(): PlayerServerBehavior OnOpen com.bhaptics.developers, bHaptics Developer Portal
2024-06-02 23:13:11.925 [25] WARN BhapticsPlayer.WebSocket.PlayerServerBehavior.OnOpen(): OnOpen(bd625f673eee47949a73895cb99dd70d) # of Clients : 1
2024-06-02 23:24:08.986 [27] WARN BhapticsPlayer.Login.UserRepository.GetCurrentUser(): GetCurrentUser User null
2024-06-02 23:24:09.013 [11] WARN BhapticsPlayer.Haptic.AthFilePlayer.Register(BhapticsPlayer.Haptic.RegisterAthRequest): Register() Does not have an app. 66026d139b48972bdd8593d1 create one.
2024-06-02 23:24:09.795 [41] EROR BhapticsPlayer.Websocket.HapticPatternBehavior.OnMessage(WebSocketSharp.MessageEventArgs): OnMessage : SdkRequestAuthInit
2024-06-02 23:24:09.799 [41] EROR BhapticsPlayer.Websocket.HapticPatternBehavior.GetHapticDeployMessage(System.String): GetHapticDeployMessage() HapticDeployHttpMessage
2024-06-03 02:18:21.869 [53] WARN BhapticsPlayer.Login.UserRepository.GetCurrentUser(): GetCurrentUser User null
2024-06-03 02:18:21.874 [11] WARN BhapticsPlayer.Haptic.AthFilePlayer.Register(BhapticsPlayer.Haptic.RegisterAthRequest): Register() Does not have an app. 66026d139b48972bdd8593d1 create one.
2024-06-03 02:18:22.545 [14] EROR BhapticsPlayer.Websocket.HapticPatternBehavior.OnMessage(WebSocketSharp.MessageEventArgs): OnMessage : SdkRequestAuthInit
2024-06-03 02:18:22.547 [14] EROR BhapticsPlayer.Websocket.HapticPatternBehavior.GetHapticDeployMessage(System.String): GetHapticDeployMessage() HapticDeployHttpMessage
2024-06-03 02:22:24.198 [46] WARN BhapticsPlayer.Login.UserRepository.GetCurrentUser(): GetCurrentUser User null
2024-06-03 02:22:24.214 [11] WARN BhapticsPlayer.Haptic.AthFilePlayer.Register(BhapticsPlayer.Haptic.RegisterAthRequest): Register() Does not have an app. 66026d139b48972bdd8593d1 create one.
2024-06-03 02:22:24.688 [46] EROR BhapticsPlayer.Websocket.HapticPatternBehavior.OnMessage(WebSocketSharp.MessageEventArgs): OnMessage : SdkRequestAuthInit
2024-06-03 02:22:24.689 [46] EROR BhapticsPlayer.Websocket.HapticPatternBehavior.GetHapticDeployMessage(System.String): GetHapticDeployMessage() HapticDeployHttpMessage
2024-06-03 02:23:18.013 [11] WARN BhapticsPlayer.Haptic.AthFilePlayer.Register(BhapticsPlayer.Haptic.RegisterAthRequest): Register() Does not have an app. 66026d139b48972bdd8593d1 create one.
2024-06-03 02:23:18.013 [35] WARN BhapticsPlayer.Login.UserRepository.GetCurrentUser(): GetCurrentUser User null
2024-06-03 02:23:18.313 [14] EROR BhapticsPlayer.Websocket.HapticPatternBehavior.OnMessage(WebSocketSharp.MessageEventArgs): OnMessage : SdkRequestAuthInit
2024-06-03 02:23:18.315 [14] EROR BhapticsPlayer.Websocket.HapticPatternBehavior.GetHapticDeployMessage(System.String): GetHapticDeployMessage() HapticDeployHttpMessage
2024-06-03 02:24:07.760 [34] WARN BhapticsPlayer.Login.UserRepository.GetCurrentUser(): GetCurrentUser User null
2024-06-03 02:24:07.773 [11] WARN BhapticsPlayer.Haptic.AthFilePlayer.Register(BhapticsPlayer.Haptic.RegisterAthRequest): Register() Does not have an app. 66026d139b48972bdd8593d1 create one.
2024-06-03 02:24:08.073 [39] EROR BhapticsPlayer.Websocket.HapticPatternBehavior.OnMessage(WebSocketSharp.MessageEventArgs): OnMessage : SdkRequestAuthInit
2024-06-03 02:24:08.074 [39] EROR BhapticsPlayer.Websocket.HapticPatternBehavior.GetHapticDeployMessage(System.String): GetHapticDeployMessage() HapticDeployHttpMessage
2024-06-03 02:48:21.440 [51] WARN BhapticsPlayer.Login.UserRepository.GetCurrentUser(): GetCurrentUser User null
2024-06-03 02:48:21.453 [11] WARN BhapticsPlayer.Haptic.AthFilePlayer.Register(BhapticsPlayer.Haptic.RegisterAthRequest): Register() Does not have an app. 66026d139b48972bdd8593d1 create one.
2024-06-03 02:48:22.297 [19] EROR BhapticsPlayer.Websocket.HapticPatternBehavior.OnMessage(WebSocketSharp.MessageEventArgs): OnMessage : SdkRequestAuthInit
2024-06-03 02:48:22.299 [19] EROR BhapticsPlayer.Websocket.HapticPatternBehavior.GetHapticDeployMessage(System.String): GetHapticDeployMessage() HapticDeployHttpMessage
2024-06-03 02:50:01.728 [53] WARN BhapticsPlayer.Login.UserRepository.GetCurrentUser(): GetCurrentUser User null
2024-06-03 02:50:01.733 [11] WARN BhapticsPlayer.Haptic.AthFilePlayer.Register(BhapticsPlayer.Haptic.RegisterAthRequest): Register() Does not have an app. 66026d139b48972bdd8593d1 create one.
2024-06-03 02:50:02.050 [53] EROR BhapticsPlayer.Websocket.HapticPatternBehavior.SetHapticFromHTTP(System.String, System.String, System.Int32): SetHapticFromHTTP Exception Use EnterTransaction() before EnterLock(name)
2024-06-03 02:50:02.051 [47] EROR BhapticsPlayer.Websocket.HapticPatternBehavior.OnMessage(WebSocketSharp.MessageEventArgs): OnMessage : SdkRequestAuthInit
2024-06-03 02:50:02.052 [47] EROR BhapticsPlayer.Websocket.HapticPatternBehavior.GetHapticDeployMessage(System.String): GetHapticDeployMessage() HapticDeployHttpMessage
2024-06-03 02:50:29.507 [6] EROR BhapticsPlayer.Websocket.HapticPatternBehavior.OnOpen(): OnOpen(): 삭제된 개체에 액세스할 수 없습니다.
2024-06-03 02:50:29.509 [14] EROR BhapticsPlayer.Websocket.HapticPatternBehavior.OnMessage(WebSocketSharp.MessageEventArgs): OnMessage : SdkRequestAuthInit
2024-06-03 02:50:29.512 [14] EROR BhapticsPlayer.Websocket.HapticPatternBehavior.GetHapticDeployMessage(System.String): GetHapticDeployMessage() HapticDeployHttpMessage
2024-06-03 02:50:29.514 [14] EROR BhapticsPlayer.Websocket.HapticPatternBehavior.OnMessage(WebSocketSharp.MessageEventArgs): SdkRequestAuthInit New Haptic
2024-06-03 02:50:29.518 [14] EROR BhapticsPlayer.Websocket.HapticPatternBehavior.OnMessage(WebSocketSharp.MessageEventArgs): SdkRequestAuthInit Error Use EnterTransaction() before EnterLock(name)
2024-06-03 02:50:29.533 [11] WARN BhapticsPlayer.Haptic.AthFilePlayer.Register(BhapticsPlayer.Haptic.RegisterAthRequest): Register() Does not have an app. 66026d139b48972bdd8593d1 create one.
2024-06-03 02:50:32.540 [14] EROR BhapticsPlayer.Websocket.HapticPatternBehavior.OnMessage(WebSocketSharp.MessageEventArgs): No Authentication (OnMessage)
2024-06-03 02:50:32.542 [53] EROR BhapticsPlayer.Websocket.HapticPatternBehavior.OnMessage(WebSocketSharp.MessageEventArgs): No Authentication (OnMessage)
2024-06-03 02:50:32.543 [40] EROR BhapticsPlayer.Websocket.HapticPatternBehavior.OnMessage(WebSocketSharp.MessageEventArgs): No Authentication (OnMessage)
2024-06-03 02:50:32.543 [17] EROR BhapticsPlayer.Websocket.HapticPatternBehavior.OnMessage(WebSocketSharp.MessageEventArgs): No Authentication (OnMessage)
2024-06-03 02:50:33.041 [37] EROR BhapticsPlayer.Websocket.HapticPatternBehavior.OnMessage(WebSocketSharp.MessageEventArgs): No Authentication (OnMessage)
2024-06-03 02:50:33.418 [14] EROR BhapticsPlayer.Websocket.HapticPatternBehavior.OnMessage(WebSocketSharp.MessageEventArgs): No Authentication (OnMessage)
2024-06-03 02:50:33.432 [37] EROR BhapticsPlayer.Websocket.HapticPatternBehavior.OnMessage(WebSocketSharp.MessageEventArgs): No Authentication (OnMessage)
2024-06-03 02:50:33.435 [42] EROR BhapticsPlayer.Websocket.HapticPatternBehavior.OnMessage(WebSocketSharp.MessageEventArgs): No Authentication (OnMessage)
2024-06-03 02:50:33.435 [8] EROR BhapticsPlayer.Websocket.HapticPatternBehavior.OnMessage(WebSocketSharp.MessageEventArgs): No Authentication (OnMessage)
2024-06-03 02:50:35.257 [14] EROR BhapticsPlayer.Websocket.HapticPatternBehavior.OnMessage(WebSocketSharp.MessageEventArgs): No Authentication (OnMessage)
2024-06-03 02:51:20.637 [25] EROR BhapticsPlayer.Websocket.HapticPatternBehavior.OnOpen(): OnOpen(): 삭제된 개체에 액세스할 수 없습니다.
2024-06-03 02:51:20.639 [35] EROR BhapticsPlayer.Websocket.HapticPatternBehavior.OnMessage(WebSocketSharp.MessageEventArgs): OnMessage : SdkRequestAuthInit
2024-06-03 02:51:20.642 [35] EROR BhapticsPlayer.Websocket.HapticPatternBehavior.GetHapticDeployMessage(System.String): GetHapticDeployMessage() HapticDeployHttpMessage
2024-06-03 02:51:20.644 [35] EROR BhapticsPlayer.Websocket.HapticPatternBehavior.OnMessage(WebSocketSharp.MessageEventArgs): SdkRequestAuthInit New Haptic
2024-06-03 02:51:20.649 [35] EROR BhapticsPlayer.Websocket.HapticPatternBehavior.OnMessage(WebSocketSharp.MessageEventArgs): SdkRequestAuthInit Error Use EnterTransaction() before EnterLock(name)
2024-06-03 02:51:20.653 [11] WARN BhapticsPlayer.Haptic.AthFilePlayer.Register(BhapticsPlayer.Haptic.RegisterAthRequest): Register() Does not have an app. 66026d139b48972bdd8593d1 create one.
2024-06-03 02:51:23.688 [35] EROR BhapticsPlayer.Websocket.HapticPatternBehavior.OnMessage(WebSocketSharp.MessageEventArgs): No Authentication (OnMessage)
2024-06-03 02:51:23.753 [44] EROR BhapticsPlayer.Websocket.HapticPatternBehavior.OnMessage(WebSocketSharp.MessageEventArgs): No Authentication (OnMessage)
2024-06-03 02:51:23.755 [52] EROR BhapticsPlayer.Websocket.HapticPatternBehavior.OnMessage(WebSocketSharp.MessageEventArgs): No Authentication (OnMessage)
2024-06-03 02:51:23.756 [52] EROR BhapticsPlayer.Websocket.HapticPatternBehavior.OnMessage(WebSocketSharp.MessageEventArgs): No Authentication (OnMessage)
2024-06-03 02:51:24.228 [14] EROR BhapticsPlayer.Websocket.HapticPatternBehavior.OnMessage(WebSocketSharp.MessageEventArgs): No Authentication (OnMessage)
2024-06-03 02:51:24.256 [44] EROR BhapticsPlayer.Websocket.HapticPatternBehavior.OnMessage(WebSocketSharp.MessageEventArgs): No Authentication (OnMessage)
2024-06-03 02:51:24.257 [31] EROR BhapticsPlayer.Websocket.HapticPatternBehavior.OnMessage(WebSocketSharp.MessageEventArgs): No Authentication (OnMessage)
2024-06-03 02:51:24.258 [25] EROR BhapticsPlayer.Websocket.HapticPatternBehavior.OnMessage(WebSocketSharp.MessageEventArgs): No Authentication (OnMessage)
2024-06-03 02:51:24.757 [14] EROR BhapticsPlayer.Websocket.HapticPatternBehavior.OnMessage(WebSocketSharp.MessageEventArgs): No Authentication (OnMessage)
2024-06-03 02:51:24.785 [44] EROR BhapticsPlayer.Websocket.HapticPatternBehavior.OnMessage(WebSocketSharp.MessageEventArgs): No Authentication (OnMessage)
2024-06-03 02:51:24.787 [32] EROR BhapticsPlayer.Websocket.HapticPatternBehavior.OnMessage(WebSocketSharp.MessageEventArgs): No Authentication (OnMessage)
2024-06-03 02:51:25.217 [35] EROR BhapticsPlayer.Websocket.HapticPatternBehavior.OnMessage(WebSocketSharp.MessageEventArgs): No Authentication (OnMessage)
2024-06-03 02:51:25.230 [44] EROR BhapticsPlayer.Websocket.HapticPatternBehavior.OnMessage(WebSocketSharp.MessageEventArgs): No Authentication (OnMessage)
2024-06-03 02:51:25.272 [35] EROR BhapticsPlayer.Websocket.HapticPatternBehavior.OnMessage(WebSocketSharp.MessageEventArgs): No Authentication (OnMessage)
2024-06-03 02:51:25.495 [44] EROR BhapticsPlayer.Websocket.HapticPatternBehavior.OnMessage(WebSocketSharp.MessageEventArgs): No Authentication (OnMessage)
2024-06-03 02:51:25.496 [40] EROR BhapticsPlayer.Websocket.HapticPatternBehavior.OnMessage(WebSocketSharp.MessageEventArgs): No Authentication (OnMessage)
2024-06-03 02:51:25.497 [8] EROR BhapticsPlayer.Websocket.HapticPatternBehavior.OnMessage(WebSocketSharp.MessageEventArgs): No Authentication (OnMessage)
2024-06-03 02:51:25.537 [35] EROR BhapticsPlayer.Websocket.HapticPatternBehavior.OnMessage(WebSocketSharp.MessageEventArgs): No Authentication (OnMessage)
2024-06-03 02:51:25.885 [44] EROR BhapticsPlayer.Websocket.HapticPatternBehavior.OnMessage(WebSocketSharp.MessageEventArgs): No Authentication (OnMessage)
2024-06-03 02:51:25.886 [42] EROR BhapticsPlayer.Websocket.HapticPatternBehavior.OnMessage(WebSocketSharp.MessageEventArgs): No Authentication (OnMessage)
2024-06-03 02:51:25.928 [14] EROR BhapticsPlayer.Websocket.HapticPatternBehavior.OnMessage(WebSocketSharp.MessageEventArgs): No Authentication (OnMessage)
2024-06-03 02:51:26.275 [44] EROR BhapticsPlayer.Websocket.HapticPatternBehavior.OnMessage(WebSocketSharp.MessageEventArgs): No Authentication (OnMessage)
2024-06-03 02:51:26.553 [44] EROR BhapticsPlayer.Websocket.HapticPatternBehavior.OnMessage(WebSocketSharp.MessageEventArgs): No Authentication (OnMessage)
2024-06-03 02:51:26.555 [4] EROR BhapticsPlayer.Websocket.HapticPatternBehavior.OnMessage(WebSocketSharp.MessageEventArgs): No Authentication (OnMessage)
2024-06-03 02:51:26.555 [53] EROR BhapticsPlayer.Websocket.HapticPatternBehavior.OnMessage(WebSocketSharp.MessageEventArgs): No Authentication (OnMessage)
2024-06-03 02:51:26.555 [28] EROR BhapticsPlayer.Websocket.HapticPatternBehavior.OnMessage(WebSocketSharp.MessageEventArgs): No Authentication (OnMessage)
2024-06-03 02:51:26.671 [35] EROR BhapticsPlayer.Websocket.HapticPatternBehavior.OnMessage(WebSocketSharp.MessageEventArgs): No Authentication (OnMessage)
2024-06-03 02:51:26.873 [44] EROR BhapticsPlayer.Websocket.HapticPatternBehavior.OnMessage(WebSocketSharp.MessageEventArgs): No Authentication (OnMessage)
2024-06-03 02:51:26.957 [35] EROR BhapticsPlayer.Websocket.HapticPatternBehavior.OnMessage(WebSocketSharp.MessageEventArgs): No Authentication (OnMessage)
2024-06-03 02:51:27.013 [44] EROR BhapticsPlayer.Websocket.HapticPatternBehavior.OnMessage(WebSocketSharp.MessageEventArgs): No Authentication (OnMessage)
2024-06-03 02:51:27.027 [35] EROR BhapticsPlayer.Websocket.HapticPatternBehavior.OnMessage(WebSocketSharp.MessageEventArgs): No Authentication (OnMessage)
2024-06-03 02:51:27.029 [54] EROR BhapticsPlayer.Websocket.HapticPatternBehavior.OnMessage(WebSocketSharp.MessageEventArgs): No Authentication (OnMessage)
2024-06-03 02:51:27.472 [14] EROR BhapticsPlayer.Websocket.HapticPatternBehavior.OnMessage(WebSocketSharp.MessageEventArgs): No Authentication (OnMessage)
2024-06-03 02:51:28.113 [35] EROR BhapticsPlayer.Websocket.HapticPatternBehavior.OnMessage(WebSocketSharp.MessageEventArgs): No Authentication (OnMessage)
2024-06-03 02:51:28.657 [14] EROR BhapticsPlayer.Websocket.HapticPatternBehavior.OnMessage(WebSocketSharp.MessageEventArgs): No Authentication (OnMessage)
2024-06-03 02:51:28.670 [35] EROR BhapticsPlayer.Websocket.HapticPatternBehavior.OnMessage(WebSocketSharp.MessageEventArgs): No Authentication (OnMessage)
2024-06-03 02:51:28.698 [14] EROR BhapticsPlayer.Websocket.HapticPatternBehavior.OnMessage(WebSocketSharp.MessageEventArgs): No Authentication (OnMessage)
2024-06-03 02:51:28.700 [53] EROR BhapticsPlayer.Websocket.HapticPatternBehavior.OnMessage(WebSocketSharp.MessageEventArgs): No Authentication (OnMessage)
2024-06-03 02:51:28.700 [46] EROR BhapticsPlayer.Websocket.HapticPatternBehavior.OnMessage(WebSocketSharp.MessageEventArgs): No Authentication (OnMessage)
2024-06-03 02:51:29.088 [44] EROR BhapticsPlayer.Websocket.HapticPatternBehavior.OnMessage(WebSocketSharp.MessageEventArgs): No Authentication (OnMessage)
2024-06-03 02:51:29.409 [44] EROR BhapticsPlayer.Websocket.HapticPatternBehavior.OnMessage(WebSocketSharp.MessageEventArgs): No Authentication (OnMessage)
2024-06-03 02:51:29.798 [44] EROR BhapticsPlayer.Websocket.HapticPatternBehavior.OnMessage(WebSocketSharp.MessageEventArgs): No Authentication (OnMessage)
2024-06-03 02:51:31.464 [14] EROR BhapticsPlayer.Websocket.HapticPatternBehavior.OnMessage(WebSocketSharp.MessageEventArgs): No Authentication (OnMessage)
2024-06-03 03:10:48.559 [52] WARN BhapticsPlayer.WebSocket.PlayerServerBehavior.OnClose(WebSocketSharp.CloseEventArgs): OnClose(bd625f673eee47949a73895cb99dd70d). 
2024-06-03 03:10:56.925 [1] EROR BhapticsPlayer.Window.PortalWindow.Window_Closing(System.Object, System.ComponentModel.CancelEventArgs): Window_Closing
